<?xml version="1.0" encoding="UTF-8"?>
<!-- Generated by org.testng.reporters.JUnitReportReporter -->
<testsuite hostname="Shiva-Jayanth" failures="0" tests="2" name="testCases.TC001_AccountRegistrationTest" time="4.055" errors="0" timestamp="2024-11-28T17:21:33 IST" skipped="0">
  <testcase classname="testCases.TC001_AccountRegistrationTest" name="verify_account_registration" time="2.130"/>
  <testcase classname="testCases.TC001_AccountRegistrationTest" name="verify_account_registration" time="1.925"/>
</testsuite> <!-- testCases.TC001_AccountRegistrationTest -->
